<?xml version="1.0" encoding="UTF-8"?>
<testsuite name="ru.julia.rest.RestTests" tests="1" skipped="0" failures="0" errors="0" timestamp="2023-02-22T13:53:18" hostname="JULIANOTE" time="1.43">
  <properties/>
  <testcase name="testCreateTestCase" classname="ru.julia.rest.RestTests" time="1.43"/>
  <system-out><![CDATA[]]></system-out>
  <system-err><![CDATA[]]></system-err>
</testsuite>
